<?xml version="1.0" encoding="UTF-8"?>
<testng-results skipped="0" failed="0" total="3" passed="3">
  <reporter-output>
  </reporter-output>
  <suite name="Default suite" duration-ms="27" started-at="2022-11-20T09:14:29Z" finished-at="2022-11-20T09:14:29Z">
    <groups>
    </groups>
    <test name="Default test" duration-ms="27" started-at="2022-11-20T09:14:29Z" finished-at="2022-11-20T09:14:29Z">
      <class name="com.Grid.exampleInherit">
        <test-method status="PASS" signature="drb()[pri:0, instance:com.Grid.exampleInherit@61443d8f]" name="drb" duration-ms="11" started-at="2022-11-20T14:44:29Z" finished-at="2022-11-20T14:44:29Z">
          <reporter-output>
          </reporter-output>
        </test-method> <!-- drb -->
        <test-method status="PASS" signature="man()[pri:1, instance:com.Grid.exampleInherit@61443d8f]" name="man" duration-ms="1" started-at="2022-11-20T14:44:29Z" finished-at="2022-11-20T14:44:29Z">
          <reporter-output>
          </reporter-output>
        </test-method> <!-- man -->
        <test-method status="PASS" signature="woman()[pri:2, instance:com.Grid.exampleInherit@61443d8f]" name="woman" duration-ms="1" started-at="2022-11-20T14:44:29Z" finished-at="2022-11-20T14:44:29Z">
          <reporter-output>
          </reporter-output>
        </test-method> <!-- woman -->
      </class> <!-- com.Grid.exampleInherit -->
    </test> <!-- Default test -->
  </suite> <!-- Default suite -->
</testng-results>
